
Warning-[DBG_FLAG_DEP] Debug Option is being Deprecated
  The '-fsdb' debug-related option is being deprecated and will no longer be 
  supported in a future release.
  Please recompile using the '-debug_access<+options>' switch and incremental 
  options as required.  Recommended options are '-debug_access' for 
  post-process debug, '-debug_access+classdbg' for testbench debug, and 
  '-debug_access+all' for all debug capabilities.  Refer the VCS user guide 
  for more granular options for debug control under the switch '-debug_access'
  and refer to '-debug_region' for region control.

*** Using c compiler gcc-4.8 instead of cc ...
                         Chronologic VCS (TM)
         Version L-2016.06_Full64 -- Fri May 22 17:49:34 2026
               Copyright (c) 1991-2016 by Synopsys Inc.
                         ALL RIGHTS RESERVED

This program is proprietary and confidential information of Synopsys Inc.
and may be used and disclosed only as authorized in a license agreement
controlling such use and disclosure.


Warning-[UFTMD] User function/task multiply defined
  The function/task '$fsdbDumpvars' has multiple definitions in PLI table(s).
  


Warning-[UFTMD] User function/task multiply defined
  The function/task '$fsdbDumpvarsES' has multiple definitions in PLI 
  table(s).
  


Warning-[UFTMD] User function/task multiply defined
  The function/task '$fsdbDumpMDA' has multiple definitions in PLI table(s).
  


Warning-[UFTMD] User function/task multiply defined
  The function/task '$fsdbDumpSVA' has multiple definitions in PLI table(s).
  


Warning-[UFTMD] User function/task multiply defined
  The function/task '$fsdbDumpvarsByFile' has multiple definitions in PLI 
  table(s).
  


Warning-[UFTMD] User function/task multiply defined
  The function/task '$fsdbSuppress' has multiple definitions in PLI table(s).
  


Warning-[UFTMD] User function/task multiply defined
  The function/task '$fsdbDumpon' has multiple definitions in PLI table(s).
  


Warning-[UFTMD] User function/task multiply defined
  The function/task '$fsdbDumpoff' has multiple definitions in PLI table(s).
  


Warning-[UFTMD] User function/task multiply defined
  The function/task '$fsdbSwitchDumpfile' has multiple definitions in PLI 
  table(s).
  


Warning-[UFTMD] User function/task multiply defined
  The function/task '$fsdbDumpfile' has multiple definitions in PLI table(s).
  


Warning-[UFTMD] User function/task multiply defined
  The function/task '$fsdbAutoSwitchDumpfile' has multiple definitions in PLI 
  table(s).
  


Warning-[UFTMD] User function/task multiply defined
  The function/task '$fsdbDumpFinish' has multiple definitions in PLI 
  table(s).
  


Warning-[UFTMD] User function/task multiply defined
  The function/task '$fsdbDumpflush' has multiple definitions in PLI table(s).
  


Warning-[UFTMD] User function/task multiply defined
  The function/task '$fsdbLog' has multiple definitions in PLI table(s).
  


Warning-[UFTMD] User function/task multiply defined
  The function/task '$fsdbAddRuntimeSignal' has multiple definitions in PLI 
  table(s).
  


Warning-[UFTMD] User function/task multiply defined
  The function/task '$fsdbDumpSC' has multiple definitions in PLI table(s).
  


Warning-[UFTMD] User function/task multiply defined
  The function/task '$fsdbDumpvarsToFile' has multiple definitions in PLI 
  table(s).
  


Warning-[UFTMD] User function/task multiply defined
  The function/task '$sps_create_transaction_stream' has multiple definitions 
  in PLI table(s).
  


Warning-[UFTMD] User function/task multiply defined
  The function/task '$sps_begin_transaction' has multiple definitions in PLI 
  table(s).
  


Warning-[UFTMD] User function/task multiply defined
  The function/task '$sps_end_transaction' has multiple definitions in PLI 
  table(s).
  


Warning-[UFTMD] User function/task multiply defined
  The function/task '$sps_free_transaction' has multiple definitions in PLI 
  table(s).
  


Warning-[UFTMD] User function/task multiply defined
  The function/task '$sps_add_attribute' has multiple definitions in PLI 
  table(s).
  


Warning-[UFTMD] User function/task multiply defined
  The function/task '$sps_update_label' has multiple definitions in PLI 
  table(s).
  


Warning-[UFTMD] User function/task multiply defined
  The function/task '$sps_add_relation' has multiple definitions in PLI 
  table(s).
  


Warning-[UFTMD] User function/task multiply defined
  The function/task '$fsdbWhatif' has multiple definitions in PLI table(s).
  


Warning-[UFTMD] User function/task multiply defined
  The function/task '$fsdbDumpClassMethod' has multiple definitions in PLI 
  table(s).
  


Warning-[UFTMD] User function/task multiply defined
  The function/task '$fsdbSuppressClassMethod' has multiple definitions in PLI
  table(s).
  


Warning-[UFTMD] User function/task multiply defined
  The function/task '$fsdbSuppressClassProp' has multiple definitions in PLI 
  table(s).
  


Warning-[UFTMD] User function/task multiply defined
  The function/task '$fsdbDumpMDAByFile' has multiple definitions in PLI 
  table(s).
  


Warning-[UFTMD] User function/task multiply defined
  The function/task '$fsdbTrans_create_stream_begin' has multiple definitions 
  in PLI table(s).
  


Warning-[UFTMD] User function/task multiply defined
  The function/task '$fsdbTrans_define_attribute' has multiple definitions in 
  PLI table(s).
  


Warning-[UFTMD] User function/task multiply defined
  The function/task '$fsdbTrans_create_stream_end' has multiple definitions in
  PLI table(s).
  


Warning-[UFTMD] User function/task multiply defined
  The function/task '$fsdbTrans_begin' has multiple definitions in PLI 
  table(s).
  


Warning-[UFTMD] User function/task multiply defined
  The function/task '$fsdbTrans_set_label' has multiple definitions in PLI 
  table(s).
  


Warning-[UFTMD] User function/task multiply defined
  The function/task '$fsdbTrans_add_attribute' has multiple definitions in PLI
  table(s).
  


Warning-[UFTMD] User function/task multiply defined
  The function/task '$fsdbTrans_add_tag' has multiple definitions in PLI 
  table(s).
  


Warning-[UFTMD] User function/task multiply defined
  The function/task '$fsdbTrans_end' has multiple definitions in PLI table(s).
  


Warning-[UFTMD] User function/task multiply defined
  The function/task '$fsdbTrans_add_relation' has multiple definitions in PLI 
  table(s).
  


Warning-[UFTMD] User function/task multiply defined
  The function/task '$fsdbTrans_get_error_code' has multiple definitions in 
  PLI table(s).
  


Warning-[UFTMD] User function/task multiply defined
  The function/task '$fsdbTrans_add_stream_attribute' has multiple definitions
  in PLI table(s).
  


Warning-[UFTMD] User function/task multiply defined
  The function/task '$fsdbTrans_add_scope_attribute' has multiple definitions 
  in PLI table(s).
  


Warning-[UFTMD] User function/task multiply defined
  The function/task '$sps_interactive' has multiple definitions in PLI 
  table(s).
  


Warning-[UFTMD] User function/task multiply defined
  The function/task '$sps_test' has multiple definitions in PLI table(s).
  


Warning-[UFTMD] User function/task multiply defined
  The function/task '$fsdbDumpClassObject' has multiple definitions in PLI 
  table(s).
  


Warning-[UFTMD] User function/task multiply defined
  The function/task '$fsdbDumpClassObjectByFile' has multiple definitions in 
  PLI table(s).
  


Warning-[UFTMD] User function/task multiply defined
  The function/task '$ridbDump' has multiple definitions in PLI table(s).
  


Warning-[UFTMD] User function/task multiply defined
  The function/task '$sps_flush_file' has multiple definitions in PLI 
  table(s).
  


Warning-[UFTMD] User function/task multiply defined
  The function/task '$fsdbDumpPSL' has multiple definitions in PLI table(s).
  


Warning-[UFTMD] User function/task multiply defined
  The function/task '$fsdbDisplay' has multiple definitions in PLI table(s).
  


Warning-[UFTMD] User function/task multiply defined
  The function/task '$fsdbDumplimit' has multiple definitions in PLI table(s).
  


Warning-[UFTMD] User function/task multiply defined
  The function/task '$fsdbDumpMem' has multiple definitions in PLI table(s).
  


Warning-[UFTMD] User function/task multiply defined
  The function/task '$fsdbDumpMemNow' has multiple definitions in PLI 
  table(s).
  


Warning-[UFTMD] User function/task multiply defined
  The function/task '$fsdbDumpMemInScope' has multiple definitions in PLI 
  table(s).
  


Warning-[UFTMD] User function/task multiply defined
  The function/task '$fsdbDumpMDANow' has multiple definitions in PLI 
  table(s).
  


Warning-[UFTMD] User function/task multiply defined
  The function/task '$fsdbDumpMDAOnChange' has multiple definitions in PLI 
  table(s).
  


Warning-[UFTMD] User function/task multiply defined
  The function/task '$fsdbDumpMDAInScope' has multiple definitions in PLI 
  table(s).
  


Warning-[UFTMD] User function/task multiply defined
  The function/task '$fsdbDumpMemInFile' has multiple definitions in PLI 
  table(s).
  


Warning-[UFTMD] User function/task multiply defined
  The function/task '$fsdbDumpPSLon' has multiple definitions in PLI table(s).
  


Warning-[UFTMD] User function/task multiply defined
  The function/task '$fsdbDumpPSLoff' has multiple definitions in PLI 
  table(s).
  


Warning-[UFTMD] User function/task multiply defined
  The function/task '$fsdbDumpSVAon' has multiple definitions in PLI table(s).
  


Warning-[UFTMD] User function/task multiply defined
  The function/task '$fsdbDumpSVAoff' has multiple definitions in PLI 
  table(s).
  


Warning-[UFTMD] User function/task multiply defined
  The function/task '$fsdbDumpStrength' has multiple definitions in PLI 
  table(s).
  


Warning-[UFTMD] User function/task multiply defined
  The function/task '$fsdbDumpSingle' has multiple definitions in PLI 
  table(s).
  


Warning-[UFTMD] User function/task multiply defined
  The function/task '$fsdbDumpIO' has multiple definitions in PLI table(s).
  


Warning-[UFTMD] User function/task multiply defined
  The function/task '$fsdbDumpPattern' has multiple definitions in PLI 
  table(s).
  


Warning-[UFTMD] User function/task multiply defined
  The function/task '$fsdbSubstituteHier' has multiple definitions in PLI 
  table(s).
  

Parsing design file '../rtl/ALU.v'
Parsing included file '../rtl/includes/ctrl_signal_def.v'.
Back to file '../rtl/ALU.v'.
Parsing included file '../rtl/includes/instruction_def.v'.
Back to file '../rtl/ALU.v'.
Parsing design file '../rtl/ControlUnit.v'
Parsing included file '../rtl/includes/ctrl_signal_def.v'.
Back to file '../rtl/ControlUnit.v'.
Parsing included file '../rtl/includes/instruction_def.v'.
Back to file '../rtl/ControlUnit.v'.

Warning-[IPDW] Identifier previously declared
../rtl/ControlUnit.v, 38
  Second declaration for identifier 'RFWrite_ID' ignored
  Identifier 'RFWrite_ID' previously declared as reg. [../rtl/ControlUnit.v, 
  36]

Parsing design file '../rtl/DM.v'
Parsing included file '../rtl/includes/ctrl_signal_def.v'.
Back to file '../rtl/DM.v'.
Parsing design file '../rtl/EXT.v'
Parsing included file '../rtl/includes/ctrl_signal_def.v'.
Back to file '../rtl/EXT.v'.
Parsing design file '../rtl/Flopr.v'
Parsing included file '../rtl/includes/ctrl_signal_def.v'.
Back to file '../rtl/Flopr.v'.
Parsing design file '../rtl/IM.v'
Parsing design file '../rtl/IR.v'
Parsing design file '../rtl/MUX_2to1_A.v'
Parsing included file '../rtl/includes/ctrl_signal_def.v'.
Back to file '../rtl/MUX_2to1_A.v'.
Parsing design file '../rtl/MUX_3to1_B.v'
Parsing included file '../rtl/includes/ctrl_signal_def.v'.
Back to file '../rtl/MUX_3to1_B.v'.
Parsing design file '../rtl/MUX_3to1.v'
Parsing included file '../rtl/includes/ctrl_signal_def.v'.
Back to file '../rtl/MUX_3to1.v'.
Parsing design file '../rtl/MUX_3to1_LMD.v'
Parsing included file '../rtl/includes/ctrl_signal_def.v'.
Back to file '../rtl/MUX_3to1_LMD.v'.
Parsing design file '../rtl/NPC.v'
Parsing design file '../rtl/PC.v'
Parsing design file '../rtl/RF.v'
Parsing included file '../rtl/includes/global_def.v'.
Back to file '../rtl/RF.v'.
Parsing included file '../rtl/includes/ctrl_signal_def.v'.
Back to file '../rtl/RF.v'.
Parsing design file '../rtl/riscv.v'
Parsing design file '../tb/riscv_sim.v'
Top Level Modules:
       riscv_sim
TimeScale is 1 ps / 1 ps

Warning-[TFIPC] Too few instance port connections
../rtl/RF.v, 24
"Flopr U_WR_ID_EX( .clk (clk),  .en (1'b1),  .flush (1'b0),  .in_data (WR),  .out_data (WR_EX));"
  The above instance has fewer port connections than the module definition.
  Please use '+lint=TFIPC-L' to print out detailed information of unconnected 
  ports.


Warning-[TFIPC] Too few instance port connections
../rtl/RF.v, 25
"Flopr U_WR_EX_MEM( .clk (clk),  .en (1'b1),  .flush (1'b0),  .in_data (WR_EX),  .out_data (WR_MEM));"
  The above instance has fewer port connections than the module definition.
  Please use '+lint=TFIPC-L' to print out detailed information of unconnected 
  ports.


Warning-[TFIPC] Too few instance port connections
../rtl/RF.v, 26
"Flopr U_WR_MEM_WB( .clk (clk),  .en (1'b1),  .flush (1'b0),  .in_data (WR_MEM),  .out_data (WR_WB));"
  The above instance has fewer port connections than the module definition.
  Please use '+lint=TFIPC-L' to print out detailed information of unconnected 
  ports.


Warning-[TFIPC] Too few instance port connections
../tb/riscv_sim.v, 8
"riscv U_RISCV( .clk (clk),  .rst (rst));"
  The above instance has fewer port connections than the module definition.
  Please use '+lint=TFIPC-L' to print out detailed information of unconnected 
  ports.


Warning-[IWNF] Implicit wire has no fanin
../rtl/DM.v, 16
  Implicit wire 'rst' does not have any driver, please make sure this is 
  intended.


Warning-[IWNF] Implicit wire has no fanin
../rtl/MUX_3to1_B.v, 13
  Implicit wire 'Flush' does not have any driver, please make sure this is 
  intended.


Warning-[IWNF] Implicit wire has no fanin
../rtl/NPC.v, 24
  Implicit wire 'rst' does not have any driver, please make sure this is 
  intended.

Starting vcs inline pass...
3 unique modules to generate
3 modules and 0 UDP read. 
	However, due to incremental compilation, only 1 module needs to be compiled. 
recompiling module riscv_sim
All of 1 modules done
make[1]: Entering directory '/home/david/Desktop/我想这应该是完全体了 (copy)/riscv_cpu_design(1)/riscv_cpu_design/sim/csrc'
make[1]: Leaving directory '/home/david/Desktop/我想这应该是完全体了 (copy)/riscv_cpu_design(1)/riscv_cpu_design/sim/csrc'
make[1]: Entering directory '/home/david/Desktop/我想这应该是完全体了 (copy)/riscv_cpu_design(1)/riscv_cpu_design/sim/csrc'
rm -f _csrc*.so pre_vcsobj_*.so share_vcsobj_*.so
ld -shared  -o .//../simv.daidir//_csrc0.so objs/amcQw_d.o 
rm -f _csrc0.so
if [ -x ../simv ]; then chmod -x ../simv; fi
g++-4.8  -o ../simv   -Wl,-rpath-link=./ -Wl,-rpath='$ORIGIN'/simv.daidir/ -Wl,-rpath=./simv.daidir/ -Wl,-rpath='$ORIGIN'/simv.daidir//scsim.db.dir  -Wl,--no-as-needed -fno-lto -rdynamic   amcQwB.o   _3578_archive_1.so _prev_archive_1.so _csrc0.so  SIM_l.o  _csrc0.so     rmapats_mop.o rmapats.o rmar.o  rmar_llvm_0_1.o rmar_llvm_0_0.o          /home/david/synopsys/vcs2016/linux64/lib/libzerosoft_rt_stubs.so /home/david/synopsys/vcs2016/linux64/lib/libvirsim.so /home/david/synopsys/vcs2016/linux64/lib/liberrorinf.so /home/david/synopsys/vcs2016/linux64/lib/libsnpsmalloc.so /home/david/synopsys/verdi2016/share/PLI/VCS/LINUX64/pli.a    /home/david/synopsys/vcs2016/linux64/lib/libvcsnew.so /home/david/synopsys/vcs2016/linux64/lib/libsimprofile.so /home/david/synopsys/vcs2016/linux64/lib/libuclinative.so   -Wl,-whole-archive /home/david/synopsys/vcs2016/linux64/lib/libvcsucli.so -Wl,-no-whole-archive        _vcs_pli_stub_.o   /home/david/synopsys/vcs2016/linux64/lib/vcs_save_restore_new.o /home/david/synopsys/verdi2016/share/PLI/VCS/LINUX64/pli.a -ldl -lm  -lc -lpthread -ldl 
../simv up to date
make[1]: Leaving directory '/home/david/Desktop/我想这应该是完全体了 (copy)/riscv_cpu_design(1)/riscv_cpu_design/sim/csrc'
CPU time: 1.736 seconds to compile + 1.868 seconds to elab + .660 seconds to link
